0 info it worked if it ends with ok
1 verbose cli [ 'node', '/usr/local/bin/npm', '-g', 'install', 'jsdoc' ]
2 info using npm@2.11.3
3 info using node@v0.12.1
4 verbose install initial load of /usr/local/lib/package.json
5 verbose readDependencies loading dependencies from /usr/local/lib/package.json
6 silly cache add args [ 'jsdoc', null ]
7 verbose cache add spec jsdoc
8 silly cache add parsed spec { raw: 'jsdoc',
8 silly cache add   scope: null,
8 silly cache add   name: 'jsdoc',
8 silly cache add   rawSpec: '',
8 silly cache add   spec: '*',
8 silly cache add   type: 'range' }
9 silly addNamed jsdoc@*
10 verbose addNamed "*" is a valid semver range for jsdoc
11 silly addNameRange { name: 'jsdoc', range: '*', hasData: false }
12 silly mapToRegistry name jsdoc
13 silly mapToRegistry using default registry
14 silly mapToRegistry registry https://registry.npmjs.org/
15 silly mapToRegistry uri https://registry.npmjs.org/jsdoc
16 verbose addNameRange registry:https://registry.npmjs.org/jsdoc not in flight; fetching
17 verbose request uri https://registry.npmjs.org/jsdoc
18 verbose request no auth needed
19 info attempt registry request try #1 at 12:21:08 PM
20 verbose request using bearer token for auth
21 verbose request id b827d88ff25d06c1
22 http request GET https://registry.npmjs.org/jsdoc
23 http 200 https://registry.npmjs.org/jsdoc
24 silly get cb [ 200,
24 silly get   { server: 'CouchDB/1.5.0 (Erlang OTP/R16B03)',
24 silly get     etag: '"BQ200KB5L25ZZZRK9GWTQ065A"',
24 silly get     'content-type': 'application/json',
24 silly get     'cache-control': 'max-age=60',
24 silly get     'content-length': '43324',
24 silly get     'accept-ranges': 'bytes',
24 silly get     date: 'Thu, 22 Oct 2015 19:21:08 GMT',
24 silly get     via: '1.1 varnish',
24 silly get     connection: 'keep-alive',
24 silly get     'x-served-by': 'cache-sjc3128-SJC',
24 silly get     'x-cache': 'MISS',
24 silly get     'x-cache-hits': '0',
24 silly get     'x-timer': 'S1445541668.314377,VS0,VE167',
24 silly get     vary: 'Accept' } ]
25 verbose get saving jsdoc to /Users/webdeveloper/.npm/registry.npmjs.org/jsdoc/.cache.json
26 silly addNameRange number 2 { name: 'jsdoc', range: '*', hasData: true }
27 silly addNameRange versions [ 'jsdoc',
27 silly addNameRange   [ '0.0.0',
27 silly addNameRange     '3.2.0-dev',
27 silly addNameRange     '3.2.0',
27 silly addNameRange     '3.2.1',
27 silly addNameRange     '3.2.2',
27 silly addNameRange     '3.3.0-alpha1',
27 silly addNameRange     '3.3.0-alpha2',
27 silly addNameRange     '3.3.0-alpha3',
27 silly addNameRange     '3.3.0-alpha4',
27 silly addNameRange     '3.3.0-alpha5',
27 silly addNameRange     '3.3.0-alpha7',
27 silly addNameRange     '3.3.0-alpha8',
27 silly addNameRange     '3.3.0-alpha9',
27 silly addNameRange     '3.3.0-alpha10',
27 silly addNameRange     '3.3.0-alpha11',
27 silly addNameRange     '3.3.0-alpha12',
27 silly addNameRange     '3.3.0-alpha13',
27 silly addNameRange     '3.3.0-beta1',
27 silly addNameRange     '3.3.0-beta2',
27 silly addNameRange     '3.3.0-beta3',
27 silly addNameRange     '3.3.0',
27 silly addNameRange     '3.3.1',
27 silly addNameRange     '3.3.2',
27 silly addNameRange     '3.3.3' ] ]
28 silly addNamed jsdoc@3.3.3
29 verbose addNamed "3.3.3" is a plain semver version for jsdoc
30 silly mapToRegistry name jsdoc
31 silly mapToRegistry using default registry
32 silly mapToRegistry registry https://registry.npmjs.org/
33 silly mapToRegistry uri https://registry.npmjs.org/jsdoc
34 verbose addRemoteTarball https://registry.npmjs.org/jsdoc/-/jsdoc-3.3.3.tgz not in flight; adding
35 verbose addRemoteTarball [ 'https://registry.npmjs.org/jsdoc/-/jsdoc-3.3.3.tgz',
35 verbose addRemoteTarball   'ddf04f2e75920a0867c30b71649dba17708d6871' ]
36 info retry fetch attempt 1 at 12:21:08 PM
37 info attempt registry request try #1 at 12:21:08 PM
38 http fetch GET https://registry.npmjs.org/jsdoc/-/jsdoc-3.3.3.tgz
39 verbose request using bearer token for auth
40 http fetch 200 https://registry.npmjs.org/jsdoc/-/jsdoc-3.3.3.tgz
41 silly fetchAndShaCheck shasum ddf04f2e75920a0867c30b71649dba17708d6871
42 verbose addTmpTarball /var/folders/23/5rswvr_511nd6hfwqjlc8m6c8cq37l/T/npm-31995-e54a1f77/registry.npmjs.org/jsdoc/-/jsdoc-3.3.3.tgz not in flight; adding
43 verbose addTmpTarball already have metadata; skipping unpack for jsdoc@3.3.3
44 silly cache afterAdd jsdoc@3.3.3
45 verbose afterAdd /Users/webdeveloper/.npm/jsdoc/3.3.3/package/package.json not in flight; writing
46 verbose afterAdd /Users/webdeveloper/.npm/jsdoc/3.3.3/package/package.json written
47 silly install resolved [ { name: 'jsdoc',
47 silly install resolved     version: '3.3.3',
47 silly install resolved     revision: '1442963657639',
47 silly install resolved     description: 'An API documentation generator for JavaScript.',
47 silly install resolved     keywords: [ 'documentation', 'javascript' ],
47 silly install resolved     license: 'Apache-2.0',
47 silly install resolved     repository: { type: 'git', url: 'git+https://github.com/jsdoc3/jsdoc.git' },
47 silly install resolved     dependencies:
47 silly install resolved      { async: '~0.9.0',
47 silly install resolved        catharsis: '~0.8.7',
47 silly install resolved        'escape-string-regexp': '~1.0.2',
47 silly install resolved        esprima: '1.2.5',
47 silly install resolved        js2xmlparser: '~0.1.7',
47 silly install resolved        marked: '~0.3.2',
47 silly install resolved        requizzle: '~0.2.0',
47 silly install resolved        'strip-json-comments': '~1.0.2',
47 silly install resolved        taffydb: 'https://github.com/hegemonic/taffydb/tarball/7d100bcee0e997ee4977e273cdce60bd8933050e',
47 silly install resolved        underscore: '~1.7.0',
47 silly install resolved        wrench: '~1.5.8' },
47 silly install resolved     devDependencies:
47 silly install resolved      { eslint: '~0.11.0',
47 silly install resolved        gulp: '~3.8.5',
47 silly install resolved        'gulp-eslint': '~0.1.7',
47 silly install resolved        'gulp-json-editor': '~2.0.2',
47 silly install resolved        istanbul: '~0.2.1',
47 silly install resolved        tv4: 'https://github.com/hegemonic/tv4/tarball/own-properties' },
47 silly install resolved     engines: { node: '>=0.10' },
47 silly install resolved     scripts: { test: 'gulp test' },
47 silly install resolved     bin: { jsdoc: './jsdoc.js' },
47 silly install resolved     bugs: { url: 'https://github.com/jsdoc3/jsdoc/issues' },
47 silly install resolved     author: { name: 'Michael Mathews', email: 'micmath@gmail.com' },
47 silly install resolved     contributors: [ [Object] ],
47 silly install resolved     maintainers: [ [Object], [Object] ],
47 silly install resolved     gitHead: 'c107333b47f07373079fcd289296cb6d60acbba6',
47 silly install resolved     homepage: 'https://github.com/jsdoc3/jsdoc#readme',
47 silly install resolved     _id: 'jsdoc@3.3.3',
47 silly install resolved     _shasum: 'ddf04f2e75920a0867c30b71649dba17708d6871',
47 silly install resolved     _from: 'jsdoc@*',
47 silly install resolved     _npmVersion: '2.14.3',
47 silly install resolved     _nodeVersion: '4.1.0',
47 silly install resolved     _npmUser: { name: 'hegemonic', email: 'jeffrey.l.williams@gmail.com' },
47 silly install resolved     dist:
47 silly install resolved      { shasum: 'ddf04f2e75920a0867c30b71649dba17708d6871',
47 silly install resolved        tarball: 'http://registry.npmjs.org/jsdoc/-/jsdoc-3.3.3.tgz' },
47 silly install resolved     directories: {},
47 silly install resolved     _resolved: 'https://registry.npmjs.org/jsdoc/-/jsdoc-3.3.3.tgz' } ]
48 info install jsdoc@3.3.3 into /usr/local/lib
49 info installOne jsdoc@3.3.3
50 verbose installOne of jsdoc to /usr/local/lib not in flight; installing
51 verbose lock using /Users/webdeveloper/.npm/_locks/jsdoc-0b9315c8fe41d1f4.lock for /usr/local/lib/node_modules/jsdoc
52 silly install write writing jsdoc 3.3.3 to /usr/local/lib/node_modules/jsdoc
53 verbose unbuild lib/node_modules/jsdoc
54 silly gentlyRm /usr/local/lib/node_modules/jsdoc is being purged from base /usr/local
55 verbose gentlyRm don't care about contents; nuking /usr/local/lib/node_modules/jsdoc
56 verbose tar unpack /Users/webdeveloper/.npm/jsdoc/3.3.3/package.tgz
57 verbose tar unpacking to /usr/local/lib/node_modules/jsdoc
58 silly gentlyRm /usr/local/lib/node_modules/jsdoc is being purged
59 verbose gentlyRm don't care about contents; nuking /usr/local/lib/node_modules/jsdoc
60 silly gunzTarPerm modes [ '755', '644' ]
61 error tar.unpack untar error /Users/webdeveloper/.npm/jsdoc/3.3.3/package.tgz
62 verbose unlock done using /Users/webdeveloper/.npm/_locks/jsdoc-0b9315c8fe41d1f4.lock for /usr/local/lib/node_modules/jsdoc
63 verbose fstream_path /usr/local/lib/node_modules/jsdoc
64 verbose fstream_type Directory
65 verbose fstream_class DirWriter
66 verbose stack Error: EACCES, mkdir '/usr/local/lib/node_modules/jsdoc'
66 verbose stack     at Error (native)
67 verbose fstream_stack /usr/local/lib/node_modules/npm/node_modules/fstream/lib/dir-writer.js:35:25
67 verbose fstream_stack /usr/local/lib/node_modules/npm/node_modules/mkdirp/index.js:47:53
67 verbose fstream_stack FSReqWrap.oncomplete (fs.js:99:15)
68 verbose cwd /Users/webdeveloper/Documents/deadbolt/Deadbolt.js/demo
69 error Darwin 14.4.0
70 error argv "node" "/usr/local/bin/npm" "-g" "install" "jsdoc"
71 error node v0.12.1
72 error npm  v2.11.3
73 error path /usr/local/lib/node_modules/jsdoc
74 error code EACCES
75 error errno -13
76 error Error: EACCES, mkdir '/usr/local/lib/node_modules/jsdoc'
76 error     at Error (native)
76 error  { [Error: EACCES, mkdir '/usr/local/lib/node_modules/jsdoc']
76 error   errno: -13,
76 error   code: 'EACCES',
76 error   path: '/usr/local/lib/node_modules/jsdoc',
76 error   fstream_type: 'Directory',
76 error   fstream_path: '/usr/local/lib/node_modules/jsdoc',
76 error   fstream_class: 'DirWriter',
76 error   fstream_stack:
76 error    [ '/usr/local/lib/node_modules/npm/node_modules/fstream/lib/dir-writer.js:35:25',
76 error      '/usr/local/lib/node_modules/npm/node_modules/mkdirp/index.js:47:53',
76 error      'FSReqWrap.oncomplete (fs.js:99:15)' ] }
77 error Please try running this command again as root/Administrator.
78 verbose exit [ -13, true ]
79 verbose unbuild lib/node_modules/jsdoc
80 silly gentlyRm /usr/local/lib/node_modules/jsdoc is being purged from base /usr/local
81 verbose gentlyRm don't care about contents; nuking /usr/local/lib/node_modules/jsdoc
